<?xml version="1.0" encoding="UTF-8"?>
<testsuite xmlns:xsi="http://www.w3.org/2001/XMLSchema-instance" xsi:noNamespaceSchemaLocation="https://maven.apache.org/surefire/maven-surefire-plugin/xsd/surefire-test-report.xsd" name="com.shopease.cart.service.CartServiceTest" time="2.344" tests="7" errors="0" skipped="0" failures="0">
  <properties>
[...]
</properties>
  <testcase name="clearCart_Success" classname="com.shopease.cart.service.CartServiceTest" time="2.067"/>
  <testcase name="getCartItems_ReturnsItems" classname="com.shopease.cart.service.CartServiceTest" time="0.015"/>
  <testcase name="addToCart_ExistingItem_UpdatesQuantity" classname="com.shopease.cart.service.CartServiceTest" time="0.062"/>
  <testcase name="updateCartItemQuantity_ItemNotFound_ThrowsException" classname="com.shopease.cart.service.CartServiceTest" time="0.018"/>
  <testcase name="removeFromCart_Success" classname="com.shopease.cart.service.CartServiceTest" time="0.016"/>
  <testcase name="updateCartItemQuantity_Success" classname="com.shopease.cart.service.CartServiceTest" time="0.015"/>
  <testcase name="addToCart_NewItem_Success" classname="com.shopease.cart.service.CartServiceTest" time="0.059"/>
</testsuite>